# JRE version: Java(TM) SE Runtime Environment (8.0_111-b14) (build 1.8.0_111-b14)
# Java VM: Java HotSpot(TM) 64-Bit Server VM (25.111-b14 mixed mode linux-amd64 compressed oops)
Heap:
 PSYoungGen      total 139264K, used 23757K [0x000000076cb80000, 0x0000000775d80000, 0x00000007c0000000)
  eden space 129024K, 10% used [0x000000076cb80000,0x000000076d8b83f8,0x0000000774980000)
  from space 10240K, 99% used [0x0000000775380000,0x0000000775d7b260,0x0000000775d80000)
  to   space 10240K, 0% used [0x0000000774980000,0x0000000774980000,0x0000000775380000)
 ParOldGen       total 171008K, used 7500K [0x00000006c6200000, 0x00000006d0900000, 0x000000076cb80000)
  object space 171008K, 4% used [0x00000006c6200000,0x00000006c6953390,0x00000006d0900000)
 Metaspace       used 19214K, capacity 19460K, committed 19712K, reserved 1067008K
  class space    used 2351K, capacity 2433K, committed 2560K, reserved 1048576K
GC Heap History (4 events):
Event: 0.572 GC heap before
{Heap before GC invocations=1 (full 0):
 PSYoungGen      total 74752K, used 64512K [0x000000076cb80000, 0x0000000771e80000, 0x00000007c0000000)
  eden space 64512K, 100% used [0x000000076cb80000,0x0000000770a80000,0x0000000770a80000)
  from space 10240K, 0% used [0x0000000771480000,0x0000000771480000,0x0000000771e80000)
  to   space 10240K, 0% used [0x0000000770a80000,0x0000000770a80000,0x0000000771480000)
 ParOldGen       total 171008K, used 0K [0x00000006c6200000, 0x00000006d0900000, 0x000000076cb80000)
  object space 171008K, 0% used [0x00000006c6200000,0x00000006c6200000,0x00000006d0900000)
 Metaspace       used 13381K, capacity 13528K, committed 13824K, reserved 1060864K
  class space    used 1677K, capacity 1716K, committed 1792K, reserved 1048576K
Event: 0.583 GC heap after
Heap after GC invocations=1 (full 0):
 PSYoungGen      total 74752K, used 10220K [0x000000076cb80000, 0x0000000775d80000, 0x00000007c0000000)
  eden space 64512K, 0% used [0x000000076cb80000,0x000000076cb80000,0x0000000770a80000)
  from space 10240K, 99% used [0x0000000770a80000,0x000000077147b3d0,0x0000000771480000)
  to   space 10240K, 0% used [0x0000000775380000,0x0000000775380000,0x0000000775d80000)
 ParOldGen       total 171008K, used 2743K [0x00000006c6200000, 0x00000006d0900000, 0x000000076cb80000)
  object space 171008K, 1% used [0x00000006c6200000,0x00000006c64adcd0,0x00000006d0900000)
 Metaspace       used 13381K, capacity 13528K, committed 13824K, reserved 1060864K
  class space    used 1677K, capacity 1716K, committed 1792K, reserved 1048576K
}
Event: 0.911 GC heap before
{Heap before GC invocations=2 (full 0):
 PSYoungGen      total 74752K, used 74732K [0x000000076cb80000, 0x0000000775d80000, 0x00000007c0000000)
  eden space 64512K, 100% used [0x000000076cb80000,0x0000000770a80000,0x0000000770a80000)
  from space 10240K, 99% used [0x0000000770a80000,0x000000077147b3d0,0x0000000771480000)
  to   space 10240K, 0% used [0x0000000775380000,0x0000000775380000,0x0000000775d80000)
 ParOldGen       total 171008K, used 2777K [0x00000006c6200000, 0x00000006d0900000, 0x000000076cb80000)
  object space 171008K, 1% used [0x00000006c6200000,0x00000006c64b6428,0x00000006d0900000)
 Metaspace       used 18297K, capacity 18524K, committed 18688K, reserved 1064960K
  class space    used 2220K, capacity 2279K, committed 2304K, reserved 1048576K
Event: 0.933 GC heap after
Heap after GC invocations=2 (full 0):
 PSYoungGen      total 139264K, used 10220K [0x000000076cb80000, 0x0000000775d80000, 0x00000007c0000000)
  eden space 129024K, 0% used [0x000000076cb80000,0x000000076cb80000,0x0000000774980000)
  from space 10240K, 99% used [0x0000000775380000,0x0000000775d7b260,0x0000000775d80000)
  to   space 10240K, 0% used [0x0000000774980000,0x0000000774980000,0x0000000775380000)
 ParOldGen       total 171008K, used 7500K [0x00000006c6200000, 0x00000006d0900000, 0x000000076cb80000)
  object space 171008K, 4% used [0x00000006c6200000,0x00000006c6953390,0x00000006d0900000)
 Metaspace       used 18297K, capacity 18524K, committed 18688K, reserved 1064960K
  class space    used 2220K, capacity 2279K, committed 2304K, reserved 1048576K
}

