# JRE version: Java(TM) SE Runtime Environment (8.0_111-b14) (build 1.8.0_111-b14)
# Java VM: Java HotSpot(TM) 64-Bit Server VM (25.111-b14 mixed mode linux-amd64 compressed oops)
Heap:
 PSYoungGen      total 219648K, used 38201K [0x000000076cb80000, 0x000000077db80000, 0x00000007c0000000)
  eden space 209408K, 13% used [0x000000076cb80000,0x000000076e6d47e8,0x0000000779800000)
  from space 10240K, 99% used [0x000000077d180000,0x000000077db79cc8,0x000000077db80000)
  to   space 10240K, 0% used [0x000000077c780000,0x000000077c780000,0x000000077d180000)
 ParOldGen       total 104448K, used 13211K [0x00000006c6200000, 0x00000006cc800000, 0x000000076cb80000)
  object space 104448K, 12% used [0x00000006c6200000,0x00000006c6ee6f58,0x00000006cc800000)
 Metaspace       used 29773K, capacity 30064K, committed 30464K, reserved 1075200K
  class space    used 3629K, capacity 3731K, committed 3840K, reserved 1048576K
GC Heap History (10 events):
Event: 0.671 GC heap before
{Heap before GC invocations=1 (full 0):
 PSYoungGen      total 74752K, used 64512K [0x000000076cb80000, 0x0000000771e80000, 0x00000007c0000000)
  eden space 64512K, 100% used [0x000000076cb80000,0x0000000770a80000,0x0000000770a80000)
  from space 10240K, 0% used [0x0000000771480000,0x0000000771480000,0x0000000771e80000)
  to   space 10240K, 0% used [0x0000000770a80000,0x0000000770a80000,0x0000000771480000)
 ParOldGen       total 171008K, used 0K [0x00000006c6200000, 0x00000006d0900000, 0x000000076cb80000)
  object space 171008K, 0% used [0x00000006c6200000,0x00000006c6200000,0x00000006d0900000)
 Metaspace       used 13581K, capacity 13724K, committed 13824K, reserved 1060864K
  class space    used 1681K, capacity 1716K, committed 1792K, reserved 1048576K
Event: 0.683 GC heap after
Heap after GC invocations=1 (full 0):
 PSYoungGen      total 74752K, used 10222K [0x000000076cb80000, 0x0000000775d80000, 0x00000007c0000000)
  eden space 64512K, 0% used [0x000000076cb80000,0x000000076cb80000,0x0000000770a80000)
  from space 10240K, 99% used [0x0000000770a80000,0x000000077147b868,0x0000000771480000)
  to   space 10240K, 0% used [0x0000000775380000,0x0000000775380000,0x0000000775d80000)
 ParOldGen       total 171008K, used 2713K [0x00000006c6200000, 0x00000006d0900000, 0x000000076cb80000)
  object space 171008K, 1% used [0x00000006c6200000,0x00000006c64a6410,0x00000006d0900000)
 Metaspace       used 13581K, capacity 13724K, committed 13824K, reserved 1060864K
  class space    used 1681K, capacity 1716K, committed 1792K, reserved 1048576K
}
Event: 0.978 GC heap before
{Heap before GC invocations=2 (full 0):
 PSYoungGen      total 74752K, used 74734K [0x000000076cb80000, 0x0000000775d80000, 0x00000007c0000000)
  eden space 64512K, 100% used [0x000000076cb80000,0x0000000770a80000,0x0000000770a80000)
  from space 10240K, 99% used [0x0000000770a80000,0x000000077147b868,0x0000000771480000)
  to   space 10240K, 0% used [0x0000000775380000,0x0000000775380000,0x0000000775d80000)
 ParOldGen       total 171008K, used 2713K [0x00000006c6200000, 0x00000006d0900000, 0x000000076cb80000)
  object space 171008K, 1% used [0x00000006c6200000,0x00000006c64a6410,0x00000006d0900000)
 Metaspace       used 17865K, capacity 18026K, committed 18176K, reserved 1064960K
  class space    used 2156K, capacity 2188K, committed 2304K, reserved 1048576K
Event: 1.003 GC heap after
Heap after GC invocations=2 (full 0):
 PSYoungGen      total 139264K, used 10213K [0x000000076cb80000, 0x0000000775d80000, 0x00000007c0000000)
  eden space 129024K, 0% used [0x000000076cb80000,0x000000076cb80000,0x0000000774980000)
  from space 10240K, 99% used [0x0000000775380000,0x0000000775d79548,0x0000000775d80000)
  to   space 10240K, 0% used [0x0000000774980000,0x0000000774980000,0x0000000775380000)
 ParOldGen       total 171008K, used 7295K [0x00000006c6200000, 0x00000006d0900000, 0x000000076cb80000)
  object space 171008K, 4% used [0x00000006c6200000,0x00000006c691fd18,0x00000006d0900000)
 Metaspace       used 17865K, capacity 18026K, committed 18176K, reserved 1064960K
  class space    used 2156K, capacity 2188K, committed 2304K, reserved 1048576K
}
Event: 1.326 GC heap before
{Heap before GC invocations=3 (full 0):
 PSYoungGen      total 139264K, used 49845K [0x000000076cb80000, 0x0000000775d80000, 0x00000007c0000000)
  eden space 129024K, 30% used [0x000000076cb80000,0x000000076f234110,0x0000000774980000)
  from space 10240K, 99% used [0x0000000775380000,0x0000000775d79548,0x0000000775d80000)
  to   space 10240K, 0% used [0x0000000774980000,0x0000000774980000,0x0000000775380000)
 ParOldGen       total 171008K, used 7295K [0x00000006c6200000, 0x00000006d0900000, 0x000000076cb80000)
  object space 171008K, 4% used [0x00000006c6200000,0x00000006c691fd18,0x00000006d0900000)
 Metaspace       used 20914K, capacity 21156K, committed 21296K, reserved 1069056K
  class space    used 2548K, capacity 2629K, committed 2688K, reserved 1048576K
Event: 1.353 GC heap after
Heap after GC invocations=3 (full 0):
 PSYoungGen      total 139264K, used 10233K [0x000000076cb80000, 0x000000077db80000, 0x00000007c0000000)
  eden space 129024K, 0% used [0x000000076cb80000,0x000000076cb80000,0x0000000774980000)
  from space 10240K, 99% used [0x0000000774980000,0x000000077537e408,0x0000000775380000)
  to   space 10240K, 0% used [0x000000077d180000,0x000000077d180000,0x000000077db80000)
 ParOldGen       total 171008K, used 8326K [0x00000006c6200000, 0x00000006d0900000, 0x000000076cb80000)
  object space 171008K, 4% used [0x00000006c6200000,0x00000006c6a21b88,0x00000006d0900000)
 Metaspace       used 20914K, capacity 21156K, committed 21296K, reserved 1069056K
  class space    used 2548K, capacity 2629K, committed 2688K, reserved 1048576K
}
Event: 1.353 GC heap before
{Heap before GC invocations=4 (full 1):
 PSYoungGen      total 139264K, used 10233K [0x000000076cb80000, 0x000000077db80000, 0x00000007c0000000)
  eden space 129024K, 0% used [0x000000076cb80000,0x000000076cb80000,0x0000000774980000)
  from space 10240K, 99% used [0x0000000774980000,0x000000077537e408,0x0000000775380000)
  to   space 10240K, 0% used [0x000000077d180000,0x000000077d180000,0x000000077db80000)
 ParOldGen       total 171008K, used 8326K [0x00000006c6200000, 0x00000006d0900000, 0x000000076cb80000)
  object space 171008K, 4% used [0x00000006c6200000,0x00000006c6a21b88,0x00000006d0900000)
 Metaspace       used 20914K, capacity 21156K, committed 21296K, reserved 1069056K
  class space    used 2548K, capacity 2629K, committed 2688K, reserved 1048576K
Event: 1.395 GC heap after
Heap after GC invocations=4 (full 1):
 PSYoungGen      total 139264K, used 0K [0x000000076cb80000, 0x000000077db80000, 0x00000007c0000000)
  eden space 129024K, 0% used [0x000000076cb80000,0x000000076cb80000,0x0000000774980000)
  from space 10240K, 0% used [0x0000000774980000,0x0000000774980000,0x0000000775380000)
  to   space 10240K, 0% used [0x000000077d180000,0x000000077d180000,0x000000077db80000)
 ParOldGen       total 104448K, used 11029K [0x00000006c6200000, 0x00000006cc800000, 0x000000076cb80000)
  object space 104448K, 10% used [0x00000006c6200000,0x00000006c6cc5440,0x00000006cc800000)
 Metaspace       used 20914K, capacity 21156K, committed 21296K, reserved 1069056K
  class space    used 2548K, capacity 2629K, committed 2688K, reserved 1048576K
}
Event: 2.788 GC heap before
{Heap before GC invocations=5 (full 1):
 PSYoungGen      total 139264K, used 129024K [0x000000076cb80000, 0x000000077db80000, 0x00000007c0000000)
  eden space 129024K, 100% used [0x000000076cb80000,0x0000000774980000,0x0000000774980000)
  from space 10240K, 0% used [0x0000000774980000,0x0000000774980000,0x0000000775380000)
  to   space 10240K, 0% used [0x000000077d180000,0x000000077d180000,0x000000077db80000)
 ParOldGen       total 104448K, used 11029K [0x00000006c6200000, 0x00000006cc800000, 0x000000076cb80000)
  object space 104448K, 10% used [0x00000006c6200000,0x00000006c6cc5440,0x00000006cc800000)
 Metaspace       used 28057K, capacity 28364K, committed 28672K, reserved 1075200K
  class space    used 3421K, capacity 3505K, committed 3584K, reserved 1048576K
Event: 2.834 GC heap after
Heap after GC invocations=5 (full 1):
 PSYoungGen      total 219648K, used 10215K [0x000000076cb80000, 0x000000077db80000, 0x00000007c0000000)
  eden space 209408K, 0% used [0x000000076cb80000,0x000000076cb80000,0x0000000779800000)
  from space 10240K, 99% used [0x000000077d180000,0x000000077db79cc8,0x000000077db80000)
  to   space 10240K, 0% used [0x000000077c780000,0x000000077c780000,0x000000077d180000)
 ParOldGen       total 104448K, used 13211K [0x00000006c6200000, 0x00000006cc800000, 0x000000076cb80000)
  object space 104448K, 12% used [0x00000006c6200000,0x00000006c6ee6f58,0x00000006cc800000)
 Metaspace       used 28057K, capacity 28364K, committed 28672K, reserved 1075200K
  class space    used 3421K, capacity 3505K, committed 3584K, reserved 1048576K
}

